<?xml version="1.0" encoding="UTF-8"?>
<testng-results ignored="0" total="2" passed="2" failed="0" skipped="0">
  <reporter-output>
    <line>
      <![CDATA[Setting up reports and test started]]>
    </line>
    <line>
      <![CDATA[Setting and Configurations done-- Test can be Started]]>
    </line>
    <line>
      <![CDATA[Trying to start browser]]>
    </line>
    <line>
      <![CDATA[Browser is up and running]]>
    </line>
    <line>
      <![CDATA[Test is about to end]]>
    </line>
    <line>
      <![CDATA[Test completed and reports generated]]>
    </line>
    <line>
      <![CDATA[Test is about to end]]>
    </line>
    <line>
      <![CDATA[Test completed and reports generated]]>
    </line>
  </reporter-output>
  <suite started-at="2022-06-22T16:43:17 IST" name="Default suite" finished-at="2022-06-22T16:43:51 IST" duration-ms="33976">
    <groups>
    </groups>
    <test started-at="2022-06-22T16:43:17 IST" name="Default test" finished-at="2022-06-22T16:43:51 IST" duration-ms="33976">
      <class name="com.qa.testcases.LoginTestMO">
        <test-method is-config="true" signature="setupSuit()[pri:0, instance:com.qa.testcases.LoginTestMO@4a7f959b]" started-at="2022-06-22T16:43:15 IST" name="setupSuit" finished-at="2022-06-22T16:43:17 IST" duration-ms="2365" status="PASS">
          <reporter-output>
            <line>
              <![CDATA[Setting up reports and test started]]>
            </line>
            <line>
              <![CDATA[Setting and Configurations done-- Test can be Started]]>
            </line>
          </reporter-output>
        </test-method> <!-- setupSuit -->
        <test-method is-config="true" signature="setup()[pri:0, instance:com.qa.testcases.LoginTestMO@4a7f959b]" started-at="2022-06-22T16:43:17 IST" name="setup" finished-at="2022-06-22T16:43:33 IST" duration-ms="15941" status="PASS">
          <reporter-output>
            <line>
              <![CDATA[Trying to start browser]]>
            </line>
            <line>
              <![CDATA[Browser is up and running]]>
            </line>
          </reporter-output>
        </test-method> <!-- setup -->
        <test-method signature="LoginApp()[pri:1, instance:com.qa.testcases.LoginTestMO@4a7f959b]" started-at="2022-06-22T16:43:33 IST" name="LoginApp" finished-at="2022-06-22T16:43:42 IST" duration-ms="8482" status="PASS">
          <reporter-output>
          </reporter-output>
        </test-method> <!-- LoginApp -->
        <test-method is-config="true" signature="tearDwonMethod(org.testng.ITestResult)[pri:0, instance:com.qa.testcases.LoginTestMO@4a7f959b]" started-at="2022-06-22T16:43:42 IST" name="tearDwonMethod" finished-at="2022-06-22T16:43:46 IST" duration-ms="4553" status="PASS">
          <params>
            <param index="0">
              <value>
                <![CDATA[[TestResult name=LoginApp status=SUCCESS method=LoginTestMO.LoginApp()[pri:1, instance:com.qa.testcases.LoginTestMO@4a7f959b] output={null}]]]>
              </value>
            </param>
          </params>
          <reporter-output>
            <line>
              <![CDATA[Test is about to end]]>
            </line>
            <line>
              <![CDATA[Test completed and reports generated]]>
            </line>
          </reporter-output>
        </test-method> <!-- tearDwonMethod -->
        <test-method signature="printTitle()[pri:2, instance:com.qa.testcases.LoginTestMO@4a7f959b]" started-at="2022-06-22T16:43:46 IST" name="printTitle" finished-at="2022-06-22T16:43:47 IST" duration-ms="693" status="PASS">
          <reporter-output>
          </reporter-output>
        </test-method> <!-- printTitle -->
        <test-method is-config="true" signature="tearDwonMethod(org.testng.ITestResult)[pri:0, instance:com.qa.testcases.LoginTestMO@4a7f959b]" started-at="2022-06-22T16:43:47 IST" name="tearDwonMethod" finished-at="2022-06-22T16:43:48 IST" duration-ms="836" status="PASS">
          <params>
            <param index="0">
              <value>
                <![CDATA[[TestResult name=printTitle status=SUCCESS method=LoginTestMO.printTitle()[pri:2, instance:com.qa.testcases.LoginTestMO@4a7f959b] output={null}]]]>
              </value>
            </param>
          </params>
          <reporter-output>
            <line>
              <![CDATA[Test is about to end]]>
            </line>
            <line>
              <![CDATA[Test completed and reports generated]]>
            </line>
          </reporter-output>
        </test-method> <!-- tearDwonMethod -->
        <test-method is-config="true" signature="tearDwon()[pri:0, instance:com.qa.testcases.LoginTestMO@4a7f959b]" started-at="2022-06-22T16:43:48 IST" name="tearDwon" finished-at="2022-06-22T16:43:51 IST" duration-ms="3209" status="PASS">
          <reporter-output>
          </reporter-output>
        </test-method> <!-- tearDwon -->
      </class> <!-- com.qa.testcases.LoginTestMO -->
    </test> <!-- Default test -->
  </suite> <!-- Default suite -->
</testng-results>
